[2020-06-21 03:57:01.042] [exthost] [info] extension host started
[2020-06-21 03:57:01.245] [exthost] [info] ExtensionService#_doActivateExtension vscode.configuration-editing {"startup":false,"extensionId":{"value":"vscode.configuration-editing","_lower":"vscode.configuration-editing"},"activationEvent":"onLanguage:jsonc"}
[2020-06-21 03:57:01.247] [exthost] [info] ExtensionService#loadCommonJSModule file:///home/kaskinas/Documents/eclipse/plugins/com.genuitec.eclipse.code.engine.app.linux.x86_64_3.6.0.202002212104/engine/resources/app/extensions/configuration-editing/dist/extension
[2020-06-21 03:57:01.274] [exthost] [info] ExtensionService#_doActivateExtension vscode.json-language-features {"startup":false,"extensionId":{"value":"vscode.json-language-features","_lower":"vscode.json-language-features"},"activationEvent":"onLanguage:jsonc"}
[2020-06-21 03:57:01.274] [exthost] [info] ExtensionService#loadCommonJSModule file:///home/kaskinas/Documents/eclipse/plugins/com.genuitec.eclipse.code.engine.app.linux.x86_64_3.6.0.202002212104/engine/resources/app/extensions/json-language-features/client/dist/jsonMain
[2020-06-21 03:57:01.365] [exthost] [info] ExtensionService#_doActivateExtension vscode.typescript-language-features {"startup":false,"extensionId":{"value":"vscode.typescript-language-features","_lower":"vscode.typescript-language-features"},"activationEvent":"onLanguage:jsonc"}
[2020-06-21 03:57:01.365] [exthost] [info] ExtensionService#loadCommonJSModule file:///home/kaskinas/Documents/eclipse/plugins/com.genuitec.eclipse.code.engine.app.linux.x86_64_3.6.0.202002212104/engine/resources/app/extensions/typescript-language-features/dist/extension
[2020-06-21 03:57:01.430] [exthost] [info] ExtensionService#_doActivateExtension HookyQR.beautify {"startup":true,"extensionId":{"value":"HookyQR.beautify","_lower":"hookyqr.beautify"},"activationEvent":"*"}
[2020-06-21 03:57:01.430] [exthost] [info] ExtensionService#loadCommonJSModule file:///home/kaskinas/Documents/eclipse/plugins/pack.core.linux_3.6.0.202001241725/HookyQR.beautify-1.4.11/extension
[2020-06-21 03:57:01.574] [exthost] [info] ExtensionService#_doActivateExtension christian-kohler.path-intellisense {"startup":true,"extensionId":{"value":"christian-kohler.path-intellisense","_lower":"christian-kohler.path-intellisense"},"activationEvent":"*"}
[2020-06-21 03:57:01.574] [exthost] [info] ExtensionService#loadCommonJSModule file:///home/kaskinas/Documents/eclipse/plugins/pack.core.linux_3.6.0.202001241725/christian-kohler.path-intellisense-1.4.2/out/src/extension
[2020-06-21 03:57:01.610] [exthost] [info] ExtensionService#_doActivateExtension dbaeumer.vscode-eslint {"startup":true,"extensionId":{"value":"dbaeumer.vscode-eslint","_lower":"dbaeumer.vscode-eslint"},"activationEvent":"*"}
[2020-06-21 03:57:01.611] [exthost] [info] ExtensionService#loadCommonJSModule file:///home/kaskinas/Documents/eclipse/plugins/pack.core.linux_3.6.0.202001241725/dbaeumer.vscode-eslint-1.9.0/client/out/extension
[2020-06-21 03:57:01.644] [exthost] [info] ExtensionService#_doActivateExtension vscode.debug-auto-launch {"startup":true,"extensionId":{"value":"vscode.debug-auto-launch","_lower":"vscode.debug-auto-launch"},"activationEvent":"*"}
[2020-06-21 03:57:01.644] [exthost] [info] ExtensionService#loadCommonJSModule file:///home/kaskinas/Documents/eclipse/plugins/com.genuitec.eclipse.code.engine.app.linux.x86_64_3.6.0.202002212104/engine/resources/app/extensions/debug-auto-launch/dist/extension
[2020-06-21 03:57:01.649] [exthost] [info] ExtensionService#_doActivateExtension vscode.emmet {"startup":true,"extensionId":{"value":"vscode.emmet","_lower":"vscode.emmet"},"activationEvent":"*"}
[2020-06-21 03:57:01.650] [exthost] [info] ExtensionService#loadCommonJSModule file:///home/kaskinas/Documents/eclipse/plugins/com.genuitec.eclipse.code.engine.app.linux.x86_64_3.6.0.202002212104/engine/resources/app/extensions/emmet/dist/extension
[2020-06-21 03:57:01.702] [exthost] [info] ExtensionService#_doActivateExtension formulahendry.auto-close-tag {"startup":true,"extensionId":{"value":"formulahendry.auto-close-tag","_lower":"formulahendry.auto-close-tag"},"activationEvent":"*"}
[2020-06-21 03:57:01.702] [exthost] [info] ExtensionService#loadCommonJSModule file:///home/kaskinas/Documents/eclipse/plugins/pack.core.linux_3.6.0.202001241725/formulahendry.auto-close-tag-0.5.6/out/src/extension
[2020-06-21 03:57:01.774] [exthost] [info] eager extensions activated
[2020-06-21 03:57:02.410] [exthost] [info] extension host started
[2020-06-21 03:57:02.439] [exthost] [info] ExtensionService#_doActivateExtension vscode.configuration-editing {"startup":false,"extensionId":{"value":"vscode.configuration-editing","_lower":"vscode.configuration-editing"},"activationEvent":"onLanguage:jsonc"}
[2020-06-21 03:57:02.440] [exthost] [info] ExtensionService#loadCommonJSModule file:///home/kaskinas/Documents/eclipse/plugins/com.genuitec.eclipse.code.engine.app.linux.x86_64_3.6.0.202002212104/engine/resources/app/extensions/configuration-editing/dist/extension
[2020-06-21 03:57:02.449] [exthost] [info] ExtensionService#_doActivateExtension vscode.json-language-features {"startup":false,"extensionId":{"value":"vscode.json-language-features","_lower":"vscode.json-language-features"},"activationEvent":"onLanguage:jsonc"}
[2020-06-21 03:57:02.450] [exthost] [info] ExtensionService#loadCommonJSModule file:///home/kaskinas/Documents/eclipse/plugins/com.genuitec.eclipse.code.engine.app.linux.x86_64_3.6.0.202002212104/engine/resources/app/extensions/json-language-features/client/dist/jsonMain
[2020-06-21 03:57:02.495] [exthost] [info] ExtensionService#_doActivateExtension vscode.typescript-language-features {"startup":false,"extensionId":{"value":"vscode.typescript-language-features","_lower":"vscode.typescript-language-features"},"activationEvent":"onLanguage:jsonc"}
[2020-06-21 03:57:02.496] [exthost] [info] ExtensionService#loadCommonJSModule file:///home/kaskinas/Documents/eclipse/plugins/com.genuitec.eclipse.code.engine.app.linux.x86_64_3.6.0.202002212104/engine/resources/app/extensions/typescript-language-features/dist/extension
[2020-06-21 03:57:02.555] [exthost] [info] ExtensionService#_doActivateExtension vscode.grunt {"startup":false,"extensionId":{"value":"vscode.grunt","_lower":"vscode.grunt"},"activationEvent":"onCommand:workbench.action.tasks.runTask"}
[2020-06-21 03:57:02.555] [exthost] [info] ExtensionService#loadCommonJSModule file:///home/kaskinas/Documents/eclipse/plugins/com.genuitec.eclipse.code.engine.app.linux.x86_64_3.6.0.202002212104/engine/resources/app/extensions/grunt/dist/main
[2020-06-21 03:57:02.559] [exthost] [info] ExtensionService#_doActivateExtension vscode.gulp {"startup":false,"extensionId":{"value":"vscode.gulp","_lower":"vscode.gulp"},"activationEvent":"onCommand:workbench.action.tasks.runTask"}
[2020-06-21 03:57:02.559] [exthost] [info] ExtensionService#loadCommonJSModule file:///home/kaskinas/Documents/eclipse/plugins/com.genuitec.eclipse.code.engine.app.linux.x86_64_3.6.0.202002212104/engine/resources/app/extensions/gulp/dist/main
[2020-06-21 03:57:02.563] [exthost] [info] ExtensionService#_doActivateExtension vscode.jake {"startup":false,"extensionId":{"value":"vscode.jake","_lower":"vscode.jake"},"activationEvent":"onCommand:workbench.action.tasks.runTask"}
[2020-06-21 03:57:02.563] [exthost] [info] ExtensionService#loadCommonJSModule file:///home/kaskinas/Documents/eclipse/plugins/com.genuitec.eclipse.code.engine.app.linux.x86_64_3.6.0.202002212104/engine/resources/app/extensions/jake/dist/main
[2020-06-21 03:57:02.566] [exthost] [info] ExtensionService#_doActivateExtension vscode.npm {"startup":false,"extensionId":{"value":"vscode.npm","_lower":"vscode.npm"},"activationEvent":"onCommand:workbench.action.tasks.runTask"}
[2020-06-21 03:57:02.566] [exthost] [info] ExtensionService#loadCommonJSModule file:///home/kaskinas/Documents/eclipse/plugins/com.genuitec.eclipse.code.engine.app.linux.x86_64_3.6.0.202002212104/engine/resources/app/extensions/npm/dist/main
[2020-06-21 03:57:02.579] [exthost] [info] ExtensionService#_doActivateExtension HookyQR.beautify {"startup":true,"extensionId":{"value":"HookyQR.beautify","_lower":"hookyqr.beautify"},"activationEvent":"*"}
[2020-06-21 03:57:02.579] [exthost] [info] ExtensionService#loadCommonJSModule file:///home/kaskinas/Documents/eclipse/plugins/pack.core.linux_3.6.0.202001241725/HookyQR.beautify-1.4.11/extension
[2020-06-21 03:57:02.638] [exthost] [info] ExtensionService#_doActivateExtension christian-kohler.path-intellisense {"startup":true,"extensionId":{"value":"christian-kohler.path-intellisense","_lower":"christian-kohler.path-intellisense"},"activationEvent":"*"}
[2020-06-21 03:57:02.639] [exthost] [info] ExtensionService#loadCommonJSModule file:///home/kaskinas/Documents/eclipse/plugins/pack.core.linux_3.6.0.202001241725/christian-kohler.path-intellisense-1.4.2/out/src/extension
[2020-06-21 03:57:02.657] [exthost] [info] ExtensionService#_doActivateExtension dbaeumer.vscode-eslint {"startup":true,"extensionId":{"value":"dbaeumer.vscode-eslint","_lower":"dbaeumer.vscode-eslint"},"activationEvent":"*"}
[2020-06-21 03:57:02.658] [exthost] [info] ExtensionService#loadCommonJSModule file:///home/kaskinas/Documents/eclipse/plugins/pack.core.linux_3.6.0.202001241725/dbaeumer.vscode-eslint-1.9.0/client/out/extension
[2020-06-21 03:57:02.675] [exthost] [info] ExtensionService#_doActivateExtension vscode.debug-auto-launch {"startup":true,"extensionId":{"value":"vscode.debug-auto-launch","_lower":"vscode.debug-auto-launch"},"activationEvent":"*"}
[2020-06-21 03:57:02.675] [exthost] [info] ExtensionService#loadCommonJSModule file:///home/kaskinas/Documents/eclipse/plugins/com.genuitec.eclipse.code.engine.app.linux.x86_64_3.6.0.202002212104/engine/resources/app/extensions/debug-auto-launch/dist/extension
[2020-06-21 03:57:02.677] [exthost] [info] ExtensionService#_doActivateExtension vscode.emmet {"startup":true,"extensionId":{"value":"vscode.emmet","_lower":"vscode.emmet"},"activationEvent":"*"}
[2020-06-21 03:57:02.678] [exthost] [info] ExtensionService#loadCommonJSModule file:///home/kaskinas/Documents/eclipse/plugins/com.genuitec.eclipse.code.engine.app.linux.x86_64_3.6.0.202002212104/engine/resources/app/extensions/emmet/dist/extension
[2020-06-21 03:57:02.709] [exthost] [info] ExtensionService#_doActivateExtension formulahendry.auto-close-tag {"startup":true,"extensionId":{"value":"formulahendry.auto-close-tag","_lower":"formulahendry.auto-close-tag"},"activationEvent":"*"}
[2020-06-21 03:57:02.709] [exthost] [info] ExtensionService#loadCommonJSModule file:///home/kaskinas/Documents/eclipse/plugins/pack.core.linux_3.6.0.202001241725/formulahendry.auto-close-tag-0.5.6/out/src/extension
[2020-06-21 03:57:02.726] [exthost] [info] eager extensions activated
